Using pre-set license
Built from '2020.3/release' branch; Version is '2020.3.2f1 (8fd9074bf66c) revision 9427207'; Using compiler version '192528614'; Build Type 'Release'
OS: 'Windows 10 Pro; OS build 19041.867; Version 2004; 64bit' Language: 'ru' Physical Memory: 16319 MB
BatchMode: 1, IsHumanControllingUs: 0, StartBugReporterOnCrash: 0, Is64bit: 1, IsPro: 0

 COMMAND LINE ARGUMENTS:
C:\Program Files\2020.3.2f1\Editor\Unity.exe
-adb2
-batchMode
-noUpm
-name
AssetImportWorker1
-projectPath
E:/UnityProjects/bombs-mans-demo
-logFile
Logs/AssetImportWorker1.log
-srvPort
61701
Successfully changed project path to: E:/UnityProjects/bombs-mans-demo
E:/UnityProjects/bombs-mans-demo
Using Asset Import Pipeline V2.
Refreshing native plugins compatible for Editor in 27.71 ms, found 0 plugins.
Preloading 0 native plugins for Editor in 0.00 ms.
Initialize engine version: 2020.3.2f1 (8fd9074bf66c)
[Subsystems] Discovering subsystems at path C:/Program Files/2020.3.2f1/Editor/Data/Resources/UnitySubsystems
[Subsystems] Discovering subsystems at path E:/UnityProjects/bombs-mans-demo/Assets
GfxDevice: creating device client; threaded=0
Direct3D:
    Version:  Direct3D 11.0 [level 11.1]
    Renderer: NVIDIA GeForce RTX 2060 (ID=0x1f08)
    Vendor:   
    VRAM:     5980 MB
    Driver:   27.21.14.6109
Initialize mono
Mono path[0] = 'C:/Program Files/2020.3.2f1/Editor/Data/Managed'
Mono path[1] = 'C:/Program Files/2020.3.2f1/Editor/Data/MonoBleedingEdge/lib/mono/unityjit'
Mono config path = 'C:/Program Files/2020.3.2f1/Editor/Data/MonoBleedingEdge/etc'
Using monoOptions --debugger-agent=transport=dt_socket,embedding=1,server=y,suspend=n,address=127.0.0.1:56196
Begin MonoManager ReloadAssembly
Registering precompiled unity dll's ...
Register platform support module: C:/Program Files/2020.3.2f1/Editor/Data/PlaybackEngines/WindowsStandaloneSupport/UnityEditor.WindowsStandalone.Extensions.dll
Registered in 0.001360 seconds.
Native extension for WindowsStandalone target not found
Refreshing native plugins compatible for Editor in 24.46 ms, found 0 plugins.
Preloading 0 native plugins for Editor in 0.00 ms.
Invoked RoslynAnalysisRunner static constructor.
RoslynAnalysisRunner will not be running.
RoslynAnalysisRunner has terminated.
Mono: successfully reloaded assembly
- Completed reload, in  1.632 seconds
Platform modules already initialized, skipping
Registering precompiled user dll's ...
Registered in 0.000469 seconds.
Begin MonoManager ReloadAssembly
Native extension for WindowsStandalone target not found
Refreshing native plugins compatible for Editor in 0.24 ms, found 0 plugins.
Preloading 0 native plugins for Editor in 0.00 ms.
Invoked RoslynAnalysisRunner static constructor.
RoslynAnalysisRunner will not be running.
RoslynAnalysisRunner has terminated.
Mono: successfully reloaded assembly
- Completed reload, in  0.673 seconds
Platform modules already initialized, skipping
========================================================================
Worker process is ready to serve import requests
Launched and connected shader compiler UnityShaderCompiler.exe after 0.04 seconds
Refreshing native plugins compatible for Editor in 0.25 ms, found 0 plugins.
Preloading 0 native plugins for Editor in 0.00 ms.
Unloading 1158 Unused Serialized files (Serialized files now loaded: 0)
System memory in use before: 59.5 MB.
System memory in use after: 59.5 MB.

Unloading 10 unused Assets to reduce memory usage. Loaded Objects now: 1600.
Total: 1.420400 ms (FindLiveObjects: 0.112400 ms CreateObjectMapping: 0.034000 ms MarkObjects: 1.217100 ms  DeleteObjects: 0.056000 ms)

========================================================================
Received Import Request.
  path: Assets/Scripts/BombsGeneration.cs
  artifactKey: Guid(06a6d4a1b42ef604099415cf8cd538b1) Importer(815301076,1909f56bfc062723c751e8b465ee728b)
Start importing Assets/Scripts/BombsGeneration.cs using Guid(06a6d4a1b42ef604099415cf8cd538b1) Importer(815301076,1909f56bfc062723c751e8b465ee728b)  -> (artifact id: '7c6f88f829cdb6c1e7679b9f9c6c8aae') in 0.024547 seconds
  Import took 0.026252 seconds .

========================================================================
Received Prepare
Registering precompiled user dll's ...
Registered in 0.000440 seconds.
Begin MonoManager ReloadAssembly
Native extension for WindowsStandalone target not found
Refreshing native plugins compatible for Editor in 0.24 ms, found 0 plugins.
Preloading 0 native plugins for Editor in 0.00 ms.
Invoked RoslynAnalysisRunner static constructor.
RoslynAnalysisRunner will not be running.
RoslynAnalysisRunner has terminated.
Mono: successfully reloaded assembly
- Completed reload, in  0.609 seconds
Platform modules already initialized, skipping
Refreshing native plugins compatible for Editor in 0.24 ms, found 0 plugins.
Preloading 0 native plugins for Editor in 0.00 ms.
Unloading 1154 Unused Serialized files (Serialized files now loaded: 0)
System memory in use before: 59.4 MB.
System memory in use after: 59.5 MB.

Unloading 5 unused Assets to reduce memory usage. Loaded Objects now: 1604.
Total: 1.546800 ms (FindLiveObjects: 0.121300 ms CreateObjectMapping: 0.038300 ms MarkObjects: 1.344600 ms  DeleteObjects: 0.041700 ms)

========================================================================
Received Import Request.
  Time since last request: 6.741406 seconds.
  path: Assets/Scripts/MansGeneration.cs
  artifactKey: Guid(2055f99fafef76742a7f78ca722d085f) Importer(815301076,1909f56bfc062723c751e8b465ee728b)
Start importing Assets/Scripts/MansGeneration.cs using Guid(2055f99fafef76742a7f78ca722d085f) Importer(815301076,1909f56bfc062723c751e8b465ee728b)  -> (artifact id: '2cdcb1a7571bf0c9d5fc7a841aa49169') in 0.006345 seconds
  Import took 0.007932 seconds .

========================================================================
Received Prepare
Registering precompiled user dll's ...
Registered in 0.000511 seconds.
Begin MonoManager ReloadAssembly
Native extension for WindowsStandalone target not found
Refreshing native plugins compatible for Editor in 0.26 ms, found 0 plugins.
Preloading 0 native plugins for Editor in 0.00 ms.
Invoked RoslynAnalysisRunner static constructor.
RoslynAnalysisRunner will not be running.
RoslynAnalysisRunner has terminated.
Mono: successfully reloaded assembly
- Completed reload, in  0.628 seconds
Platform modules already initialized, skipping
Refreshing native plugins compatible for Editor in 0.23 ms, found 0 plugins.
Preloading 0 native plugins for Editor in 0.00 ms.
Unloading 1154 Unused Serialized files (Serialized files now loaded: 0)
System memory in use before: 59.4 MB.
System memory in use after: 59.5 MB.

Unloading 5 unused Assets to reduce memory usage. Loaded Objects now: 1607.
Total: 5.809600 ms (FindLiveObjects: 0.327200 ms CreateObjectMapping: 0.124000 ms MarkObjects: 5.209000 ms  DeleteObjects: 0.146400 ms)

========================================================================
Received Prepare
Registering precompiled user dll's ...
Registered in 0.000423 seconds.
Begin MonoManager ReloadAssembly
Native extension for WindowsStandalone target not found
Refreshing native plugins compatible for Editor in 0.23 ms, found 0 plugins.
Preloading 0 native plugins for Editor in 0.00 ms.
Invoked RoslynAnalysisRunner static constructor.
RoslynAnalysisRunner will not be running.
RoslynAnalysisRunner has terminated.
Mono: successfully reloaded assembly
- Completed reload, in  0.600 seconds
Platform modules already initialized, skipping
Refreshing native plugins compatible for Editor in 0.23 ms, found 0 plugins.
Preloading 0 native plugins for Editor in 0.00 ms.
Unloading 1154 Unused Serialized files (Serialized files now loaded: 0)
System memory in use before: 59.5 MB.
System memory in use after: 59.5 MB.

Unloading 5 unused Assets to reduce memory usage. Loaded Objects now: 1610.
Total: 1.452300 ms (FindLiveObjects: 0.118700 ms CreateObjectMapping: 0.043900 ms MarkObjects: 1.256400 ms  DeleteObjects: 0.032300 ms)

========================================================================
Received Prepare
Registering precompiled user dll's ...
Registered in 0.000438 seconds.
Begin MonoManager ReloadAssembly
Native extension for WindowsStandalone target not found
Refreshing native plugins compatible for Editor in 0.25 ms, found 0 plugins.
Preloading 0 native plugins for Editor in 0.00 ms.
Invoked RoslynAnalysisRunner static constructor.
RoslynAnalysisRunner will not be running.
RoslynAnalysisRunner has terminated.
Mono: successfully reloaded assembly
- Completed reload, in  0.602 seconds
Platform modules already initialized, skipping
Refreshing native plugins compatible for Editor in 0.23 ms, found 0 plugins.
Preloading 0 native plugins for Editor in 0.00 ms.
Unloading 1154 Unused Serialized files (Serialized files now loaded: 0)
System memory in use before: 59.5 MB.
System memory in use after: 59.5 MB.

Unloading 5 unused Assets to reduce memory usage. Loaded Objects now: 1613.
Total: 1.433400 ms (FindLiveObjects: 0.115000 ms CreateObjectMapping: 0.033200 ms MarkObjects: 1.250300 ms  DeleteObjects: 0.034100 ms)

========================================================================
Received Prepare
Registering precompiled user dll's ...
Registered in 0.000481 seconds.
Begin MonoManager ReloadAssembly
Native extension for WindowsStandalone target not found
Refreshing native plugins compatible for Editor in 0.24 ms, found 0 plugins.
Preloading 0 native plugins for Editor in 0.00 ms.
Invoked RoslynAnalysisRunner static constructor.
RoslynAnalysisRunner will not be running.
RoslynAnalysisRunner has terminated.
Mono: successfully reloaded assembly
- Completed reload, in  0.597 seconds
Platform modules already initialized, skipping
Refreshing native plugins compatible for Editor in 0.23 ms, found 0 plugins.
Preloading 0 native plugins for Editor in 0.00 ms.
Unloading 1154 Unused Serialized files (Serialized files now loaded: 0)
System memory in use before: 59.5 MB.
System memory in use after: 59.5 MB.

Unloading 5 unused Assets to reduce memory usage. Loaded Objects now: 1616.
Total: 1.536100 ms (FindLiveObjects: 0.105700 ms CreateObjectMapping: 0.037600 ms MarkObjects: 1.353400 ms  DeleteObjects: 0.038700 ms)

========================================================================
Received Prepare
Registering precompiled user dll's ...
Registered in 0.000454 seconds.
Begin MonoManager ReloadAssembly
Native extension for WindowsStandalone target not found
Refreshing native plugins compatible for Editor in 0.24 ms, found 0 plugins.
Preloading 0 native plugins for Editor in 0.00 ms.
Invoked RoslynAnalysisRunner static constructor.
RoslynAnalysisRunner will not be running.
RoslynAnalysisRunner has terminated.
Mono: successfully reloaded assembly
- Completed reload, in  0.601 seconds
Platform modules already initialized, skipping
Refreshing native plugins compatible for Editor in 0.23 ms, found 0 plugins.
Preloading 0 native plugins for Editor in 0.00 ms.
Unloading 1154 Unused Serialized files (Serialized files now loaded: 0)
System memory in use before: 59.5 MB.
System memory in use after: 59.5 MB.

Unloading 5 unused Assets to reduce memory usage. Loaded Objects now: 1619.
Total: 3.548900 ms (FindLiveObjects: 0.267800 ms CreateObjectMapping: 0.095700 ms MarkObjects: 3.115400 ms  DeleteObjects: 0.067900 ms)

========================================================================
Received Prepare
Registering precompiled user dll's ...
Registered in 0.000458 seconds.
Begin MonoManager ReloadAssembly
Native extension for WindowsStandalone target not found
Refreshing native plugins compatible for Editor in 0.24 ms, found 0 plugins.
Preloading 0 native plugins for Editor in 0.00 ms.
Invoked RoslynAnalysisRunner static constructor.
RoslynAnalysisRunner will not be running.
RoslynAnalysisRunner has terminated.
Mono: successfully reloaded assembly
- Completed reload, in  0.602 seconds
Platform modules already initialized, skipping
Refreshing native plugins compatible for Editor in 0.23 ms, found 0 plugins.
Preloading 0 native plugins for Editor in 0.00 ms.
Unloading 1154 Unused Serialized files (Serialized files now loaded: 0)
System memory in use before: 59.5 MB.
System memory in use after: 59.6 MB.

Unloading 5 unused Assets to reduce memory usage. Loaded Objects now: 1622.
Total: 3.720300 ms (FindLiveObjects: 0.269500 ms CreateObjectMapping: 0.089800 ms MarkObjects: 3.281900 ms  DeleteObjects: 0.077500 ms)

========================================================================
Received Prepare
Registering precompiled user dll's ...
Registered in 0.000503 seconds.
Begin MonoManager ReloadAssembly
Native extension for WindowsStandalone target not found
Refreshing native plugins compatible for Editor in 0.25 ms, found 0 plugins.
Preloading 0 native plugins for Editor in 0.00 ms.
Invoked RoslynAnalysisRunner static constructor.
RoslynAnalysisRunner will not be running.
RoslynAnalysisRunner has terminated.
Mono: successfully reloaded assembly
- Completed reload, in  0.594 seconds
Platform modules already initialized, skipping
Refreshing native plugins compatible for Editor in 0.23 ms, found 0 plugins.
Preloading 0 native plugins for Editor in 0.00 ms.
Unloading 1154 Unused Serialized files (Serialized files now loaded: 0)
System memory in use before: 59.5 MB.
System memory in use after: 59.6 MB.

Unloading 5 unused Assets to reduce memory usage. Loaded Objects now: 1625.
Total: 1.511700 ms (FindLiveObjects: 0.095200 ms CreateObjectMapping: 0.032200 ms MarkObjects: 1.350700 ms  DeleteObjects: 0.032900 ms)

========================================================================
Received Prepare
Registering precompiled user dll's ...
Registered in 0.000726 seconds.
Begin MonoManager ReloadAssembly
Native extension for WindowsStandalone target not found
Refreshing native plugins compatible for Editor in 0.23 ms, found 0 plugins.
Preloading 0 native plugins for Editor in 0.00 ms.
Invoked RoslynAnalysisRunner static constructor.
RoslynAnalysisRunner will not be running.
RoslynAnalysisRunner has terminated.
Mono: successfully reloaded assembly
- Completed reload, in  0.598 seconds
Platform modules already initialized, skipping
Refreshing native plugins compatible for Editor in 0.24 ms, found 0 plugins.
Preloading 0 native plugins for Editor in 0.00 ms.
Unloading 1154 Unused Serialized files (Serialized files now loaded: 0)
System memory in use before: 59.5 MB.
System memory in use after: 59.6 MB.

Unloading 5 unused Assets to reduce memory usage. Loaded Objects now: 1628.
Total: 4.134900 ms (FindLiveObjects: 0.257400 ms CreateObjectMapping: 0.110900 ms MarkObjects: 3.672500 ms  DeleteObjects: 0.091700 ms)

========================================================================
Received Prepare
Registering precompiled user dll's ...
Registered in 0.000514 seconds.
Begin MonoManager ReloadAssembly
Native extension for WindowsStandalone target not found
Refreshing native plugins compatible for Editor in 0.24 ms, found 0 plugins.
Preloading 0 native plugins for Editor in 0.00 ms.
Invoked RoslynAnalysisRunner static constructor.
RoslynAnalysisRunner will not be running.
RoslynAnalysisRunner has terminated.
Mono: successfully reloaded assembly
- Completed reload, in  0.597 seconds
Platform modules already initialized, skipping
Refreshing native plugins compatible for Editor in 0.24 ms, found 0 plugins.
Preloading 0 native plugins for Editor in 0.00 ms.
Unloading 1154 Unused Serialized files (Serialized files now loaded: 0)
System memory in use before: 59.5 MB.
System memory in use after: 59.6 MB.

Unloading 5 unused Assets to reduce memory usage. Loaded Objects now: 1631.
Total: 1.457900 ms (FindLiveObjects: 0.107000 ms CreateObjectMapping: 0.029900 ms MarkObjects: 1.287600 ms  DeleteObjects: 0.032900 ms)

========================================================================
Received Prepare
Registering precompiled user dll's ...
Registered in 0.000489 seconds.
Begin MonoManager ReloadAssembly
Native extension for WindowsStandalone target not found
Refreshing native plugins compatible for Editor in 0.25 ms, found 0 plugins.
Preloading 0 native plugins for Editor in 0.00 ms.
Invoked RoslynAnalysisRunner static constructor.
RoslynAnalysisRunner will not be running.
RoslynAnalysisRunner has terminated.
Mono: successfully reloaded assembly
- Completed reload, in  0.608 seconds
Platform modules already initialized, skipping
Refreshing native plugins compatible for Editor in 0.25 ms, found 0 plugins.
Preloading 0 native plugins for Editor in 0.00 ms.
Unloading 1154 Unused Serialized files (Serialized files now loaded: 0)
System memory in use before: 59.5 MB.
System memory in use after: 59.6 MB.

Unloading 5 unused Assets to reduce memory usage. Loaded Objects now: 1634.
Total: 1.471300 ms (FindLiveObjects: 0.108500 ms CreateObjectMapping: 0.034900 ms MarkObjects: 1.291600 ms  DeleteObjects: 0.035500 ms)

========================================================================
Received Prepare
Registering precompiled user dll's ...
Registered in 0.000527 seconds.
Begin MonoManager ReloadAssembly
Native extension for WindowsStandalone target not found
Refreshing native plugins compatible for Editor in 0.23 ms, found 0 plugins.
Preloading 0 native plugins for Editor in 0.00 ms.
Invoked RoslynAnalysisRunner static constructor.
RoslynAnalysisRunner will not be running.
RoslynAnalysisRunner has terminated.
Mono: successfully reloaded assembly
- Completed reload, in  0.589 seconds
Platform modules already initialized, skipping
Refreshing native plugins compatible for Editor in 0.23 ms, found 0 plugins.
Preloading 0 native plugins for Editor in 0.00 ms.
Unloading 1154 Unused Serialized files (Serialized files now loaded: 0)
System memory in use before: 59.5 MB.
System memory in use after: 59.6 MB.

Unloading 5 unused Assets to reduce memory usage. Loaded Objects now: 1637.
Total: 1.444300 ms (FindLiveObjects: 0.106800 ms CreateObjectMapping: 0.029700 ms MarkObjects: 1.271800 ms  DeleteObjects: 0.035200 ms)

========================================================================
Received Import Request.
  Time since last request: 415.865250 seconds.
  path: Assets/Prefabs/Man.prefab
  artifactKey: Guid(b29ab795345d8694bbca95ef3aaff5e0) Importer(815301076,1909f56bfc062723c751e8b465ee728b)
Start importing Assets/Prefabs/Man.prefab using Guid(b29ab795345d8694bbca95ef3aaff5e0) Importer(815301076,1909f56bfc062723c751e8b465ee728b)  -> (artifact id: 'e2c84f4d93d94030c48bfbee03d71353') in 0.066585 seconds
  Import took 0.068351 seconds .

========================================================================
Received Prepare
Registering precompiled user dll's ...
Registered in 0.000518 seconds.
Begin MonoManager ReloadAssembly
Native extension for WindowsStandalone target not found
Refreshing native plugins compatible for Editor in 0.23 ms, found 0 plugins.
Preloading 0 native plugins for Editor in 0.00 ms.
Invoked RoslynAnalysisRunner static constructor.
RoslynAnalysisRunner will not be running.
RoslynAnalysisRunner has terminated.
Mono: successfully reloaded assembly
- Completed reload, in  0.586 seconds
Platform modules already initialized, skipping
Refreshing native plugins compatible for Editor in 0.22 ms, found 0 plugins.
Preloading 0 native plugins for Editor in 0.00 ms.
Unloading 1154 Unused Serialized files (Serialized files now loaded: 0)
System memory in use before: 62.6 MB.
System memory in use after: 62.7 MB.

Unloading 5 unused Assets to reduce memory usage. Loaded Objects now: 1647.
Total: 3.425400 ms (FindLiveObjects: 0.261400 ms CreateObjectMapping: 0.090000 ms MarkObjects: 3.004300 ms  DeleteObjects: 0.068300 ms)

========================================================================
Received Prepare
Registering precompiled user dll's ...
Registered in 0.000477 seconds.
Begin MonoManager ReloadAssembly
Native extension for WindowsStandalone target not found
Refreshing native plugins compatible for Editor in 0.24 ms, found 0 plugins.
Preloading 0 native plugins for Editor in 0.00 ms.
Invoked RoslynAnalysisRunner static constructor.
RoslynAnalysisRunner will not be running.
RoslynAnalysisRunner has terminated.
Mono: successfully reloaded assembly
- Completed reload, in  0.600 seconds
Platform modules already initialized, skipping
Refreshing native plugins compatible for Editor in 0.25 ms, found 0 plugins.
Preloading 0 native plugins for Editor in 0.00 ms.
Unloading 1154 Unused Serialized files (Serialized files now loaded: 0)
System memory in use before: 62.6 MB.
System memory in use after: 62.7 MB.

Unloading 5 unused Assets to reduce memory usage. Loaded Objects now: 1650.
Total: 3.263500 ms (FindLiveObjects: 0.278100 ms CreateObjectMapping: 0.117800 ms MarkObjects: 2.791600 ms  DeleteObjects: 0.074100 ms)

========================================================================
Received Prepare
Registering precompiled user dll's ...
Registered in 0.000502 seconds.
Begin MonoManager ReloadAssembly
Native extension for WindowsStandalone target not found
Refreshing native plugins compatible for Editor in 0.24 ms, found 0 plugins.
Preloading 0 native plugins for Editor in 0.00 ms.
Invoked RoslynAnalysisRunner static constructor.
RoslynAnalysisRunner will not be running.
RoslynAnalysisRunner has terminated.
Mono: successfully reloaded assembly
- Completed reload, in  0.599 seconds
Platform modules already initialized, skipping
Refreshing native plugins compatible for Editor in 0.23 ms, found 0 plugins.
Preloading 0 native plugins for Editor in 0.00 ms.
Unloading 1154 Unused Serialized files (Serialized files now loaded: 0)
System memory in use before: 62.6 MB.
System memory in use after: 62.7 MB.

Unloading 5 unused Assets to reduce memory usage. Loaded Objects now: 1653.
Total: 1.484900 ms (FindLiveObjects: 0.109300 ms CreateObjectMapping: 0.030700 ms MarkObjects: 1.308200 ms  DeleteObjects: 0.035700 ms)

========================================================================
Received Prepare
Registering precompiled user dll's ...
Registered in 0.000502 seconds.
Begin MonoManager ReloadAssembly
Native extension for WindowsStandalone target not found
Refreshing native plugins compatible for Editor in 0.24 ms, found 0 plugins.
Preloading 0 native plugins for Editor in 0.00 ms.
Invoked RoslynAnalysisRunner static constructor.
RoslynAnalysisRunner will not be running.
RoslynAnalysisRunner has terminated.
Mono: successfully reloaded assembly
- Completed reload, in  0.592 seconds
Platform modules already initialized, skipping
Refreshing native plugins compatible for Editor in 0.24 ms, found 0 plugins.
Preloading 0 native plugins for Editor in 0.00 ms.
Unloading 1154 Unused Serialized files (Serialized files now loaded: 0)
System memory in use before: 62.6 MB.
System memory in use after: 62.7 MB.

Unloading 5 unused Assets to reduce memory usage. Loaded Objects now: 1656.
Total: 1.342100 ms (FindLiveObjects: 0.126800 ms CreateObjectMapping: 0.037400 ms MarkObjects: 1.140500 ms  DeleteObjects: 0.036500 ms)

========================================================================
Received Prepare
Registering precompiled user dll's ...
Registered in 0.000436 seconds.
Begin MonoManager ReloadAssembly
Native extension for WindowsStandalone target not found
Refreshing native plugins compatible for Editor in 0.23 ms, found 0 plugins.
Preloading 0 native plugins for Editor in 0.00 ms.
Invoked RoslynAnalysisRunner static constructor.
RoslynAnalysisRunner will not be running.
RoslynAnalysisRunner has terminated.
Mono: successfully reloaded assembly
- Completed reload, in  0.596 seconds
Platform modules already initialized, skipping
Refreshing native plugins compatible for Editor in 0.23 ms, found 0 plugins.
Preloading 0 native plugins for Editor in 0.00 ms.
Unloading 1154 Unused Serialized files (Serialized files now loaded: 0)
System memory in use before: 62.6 MB.
System memory in use after: 62.7 MB.

Unloading 5 unused Assets to reduce memory usage. Loaded Objects now: 1659.
Total: 1.435700 ms (FindLiveObjects: 0.104500 ms CreateObjectMapping: 0.034300 ms MarkObjects: 1.264600 ms  DeleteObjects: 0.031600 ms)

========================================================================
Received Prepare
Registering precompiled user dll's ...
Registered in 0.000422 seconds.
Begin MonoManager ReloadAssembly
Native extension for WindowsStandalone target not found
Refreshing native plugins compatible for Editor in 0.23 ms, found 0 plugins.
Preloading 0 native plugins for Editor in 0.00 ms.
Invoked RoslynAnalysisRunner static constructor.
RoslynAnalysisRunner will not be running.
RoslynAnalysisRunner has terminated.
Mono: successfully reloaded assembly
- Completed reload, in  0.591 seconds
Platform modules already initialized, skipping
Refreshing native plugins compatible for Editor in 0.24 ms, found 0 plugins.
Preloading 0 native plugins for Editor in 0.00 ms.
Unloading 1154 Unused Serialized files (Serialized files now loaded: 0)
System memory in use before: 62.6 MB.
System memory in use after: 62.7 MB.

Unloading 5 unused Assets to reduce memory usage. Loaded Objects now: 1662.
Total: 1.518800 ms (FindLiveObjects: 0.110500 ms CreateObjectMapping: 0.029800 ms MarkObjects: 1.343500 ms  DeleteObjects: 0.033900 ms)

========================================================================
Received Prepare
Registering precompiled user dll's ...
Registered in 0.000434 seconds.
Begin MonoManager ReloadAssembly
Native extension for WindowsStandalone target not found
Refreshing native plugins compatible for Editor in 0.24 ms, found 0 plugins.
Preloading 0 native plugins for Editor in 0.00 ms.
Invoked RoslynAnalysisRunner static constructor.
RoslynAnalysisRunner will not be running.
RoslynAnalysisRunner has terminated.
Mono: successfully reloaded assembly
- Completed reload, in  0.602 seconds
Platform modules already initialized, skipping
Refreshing native plugins compatible for Editor in 0.23 ms, found 0 plugins.
Preloading 0 native plugins for Editor in 0.00 ms.
Unloading 1154 Unused Serialized files (Serialized files now loaded: 0)
System memory in use before: 62.7 MB.
System memory in use after: 62.7 MB.

Unloading 5 unused Assets to reduce memory usage. Loaded Objects now: 1665.
Total: 5.284100 ms (FindLiveObjects: 0.377800 ms CreateObjectMapping: 0.160700 ms MarkObjects: 4.616800 ms  DeleteObjects: 0.125500 ms)

========================================================================
Received Import Request.
  Time since last request: 292.412381 seconds.
  path: Assets/Scripts/EntityFixedGenerator.cs
  artifactKey: Guid(7b3c1e758376ce140bbfca6649114456) Importer(815301076,1909f56bfc062723c751e8b465ee728b)
Start importing Assets/Scripts/EntityFixedGenerator.cs using Guid(7b3c1e758376ce140bbfca6649114456) Importer(815301076,1909f56bfc062723c751e8b465ee728b)  -> (artifact id: '73ef8d8bfeff802cb70c3270e730d93d') in 0.006181 seconds
  Import took 0.008018 seconds .

========================================================================
Received Prepare
Registering precompiled user dll's ...
Registered in 0.000419 seconds.
Begin MonoManager ReloadAssembly
Native extension for WindowsStandalone target not found
Refreshing native plugins compatible for Editor in 0.25 ms, found 0 plugins.
Preloading 0 native plugins for Editor in 0.00 ms.
Invoked RoslynAnalysisRunner static constructor.
RoslynAnalysisRunner will not be running.
RoslynAnalysisRunner has terminated.
Mono: successfully reloaded assembly
- Completed reload, in  0.596 seconds
Platform modules already initialized, skipping
Refreshing native plugins compatible for Editor in 0.23 ms, found 0 plugins.
Preloading 0 native plugins for Editor in 0.00 ms.
Unloading 1155 Unused Serialized files (Serialized files now loaded: 0)
System memory in use before: 62.7 MB.
System memory in use after: 62.8 MB.

Unloading 5 unused Assets to reduce memory usage. Loaded Objects now: 1669.
Total: 5.943700 ms (FindLiveObjects: 0.360100 ms CreateObjectMapping: 0.152000 ms MarkObjects: 5.304700 ms  DeleteObjects: 0.124200 ms)

========================================================================
Received Import Request.
  Time since last request: 57.583339 seconds.
  path: Assets/Scripts/EntityFixedGenerator.cs
  artifactKey: Guid(7b3c1e758376ce140bbfca6649114456) Importer(815301076,1909f56bfc062723c751e8b465ee728b)
Start importing Assets/Scripts/EntityFixedGenerator.cs using Guid(7b3c1e758376ce140bbfca6649114456) Importer(815301076,1909f56bfc062723c751e8b465ee728b)  -> (artifact id: '178fc5931c6d7a01141dceb65dfadf72') in 0.003046 seconds
  Import took 0.004729 seconds .

========================================================================
Received Prepare
Registering precompiled user dll's ...
Registered in 0.000439 seconds.
Begin MonoManager ReloadAssembly
Native extension for WindowsStandalone target not found
Refreshing native plugins compatible for Editor in 0.23 ms, found 0 plugins.
Preloading 0 native plugins for Editor in 0.00 ms.
Invoked RoslynAnalysisRunner static constructor.
RoslynAnalysisRunner will not be running.
RoslynAnalysisRunner has terminated.
Mono: successfully reloaded assembly
- Completed reload, in  0.596 seconds
Platform modules already initialized, skipping
Refreshing native plugins compatible for Editor in 0.23 ms, found 0 plugins.
Preloading 0 native plugins for Editor in 0.00 ms.
Unloading 1155 Unused Serialized files (Serialized files now loaded: 0)
System memory in use before: 62.7 MB.
System memory in use after: 62.8 MB.

Unloading 5 unused Assets to reduce memory usage. Loaded Objects now: 1672.
Total: 1.502600 ms (FindLiveObjects: 0.110400 ms CreateObjectMapping: 0.040000 ms MarkObjects: 1.316600 ms  DeleteObjects: 0.034800 ms)

========================================================================
Received Import Request.
  Time since last request: 126.305787 seconds.
  path: Assets/Scripts/EntityFixedGenerator.cs
  artifactKey: Guid(7b3c1e758376ce140bbfca6649114456) Importer(815301076,1909f56bfc062723c751e8b465ee728b)
Start importing Assets/Scripts/EntityFixedGenerator.cs using Guid(7b3c1e758376ce140bbfca6649114456) Importer(815301076,1909f56bfc062723c751e8b465ee728b)  -> (artifact id: 'd214e29c81a301d5a5dfdd6dd0678429') in 0.003094 seconds
  Import took 0.004795 seconds .

========================================================================
Received Prepare
Registering precompiled user dll's ...
Registered in 0.000423 seconds.
Begin MonoManager ReloadAssembly
Native extension for WindowsStandalone target not found
Refreshing native plugins compatible for Editor in 0.24 ms, found 0 plugins.
Preloading 0 native plugins for Editor in 0.00 ms.
Invoked RoslynAnalysisRunner static constructor.
RoslynAnalysisRunner will not be running.
RoslynAnalysisRunner has terminated.
Mono: successfully reloaded assembly
- Completed reload, in  0.599 seconds
Platform modules already initialized, skipping
Refreshing native plugins compatible for Editor in 0.24 ms, found 0 plugins.
Preloading 0 native plugins for Editor in 0.00 ms.
Unloading 1155 Unused Serialized files (Serialized files now loaded: 0)
System memory in use before: 62.7 MB.
System memory in use after: 62.8 MB.

Unloading 5 unused Assets to reduce memory usage. Loaded Objects now: 1675.
Total: 1.447400 ms (FindLiveObjects: 0.111100 ms CreateObjectMapping: 0.027700 ms MarkObjects: 1.272800 ms  DeleteObjects: 0.035100 ms)

========================================================================
Received Import Request.
  Time since last request: 61.045217 seconds.
  path: Assets/Scripts/EntityFixedGenerator.cs
  artifactKey: Guid(7b3c1e758376ce140bbfca6649114456) Importer(815301076,1909f56bfc062723c751e8b465ee728b)
Start importing Assets/Scripts/EntityFixedGenerator.cs using Guid(7b3c1e758376ce140bbfca6649114456) Importer(815301076,1909f56bfc062723c751e8b465ee728b)  -> (artifact id: '3f1aefc4d9ac70ebf44e57f90d81371c') in 0.003167 seconds
  Import took 0.004947 seconds .

========================================================================
Received Prepare
Registering precompiled user dll's ...
Registered in 0.000475 seconds.
Begin MonoManager ReloadAssembly
Native extension for WindowsStandalone target not found
Refreshing native plugins compatible for Editor in 0.24 ms, found 0 plugins.
Preloading 0 native plugins for Editor in 0.00 ms.
Invoked RoslynAnalysisRunner static constructor.
RoslynAnalysisRunner will not be running.
RoslynAnalysisRunner has terminated.
Mono: successfully reloaded assembly
- Completed reload, in  0.603 seconds
Platform modules already initialized, skipping
Refreshing native plugins compatible for Editor in 0.24 ms, found 0 plugins.
Preloading 0 native plugins for Editor in 0.00 ms.
Unloading 1155 Unused Serialized files (Serialized files now loaded: 0)
System memory in use before: 62.7 MB.
System memory in use after: 62.8 MB.

Unloading 5 unused Assets to reduce memory usage. Loaded Objects now: 1678.
Total: 1.457600 ms (FindLiveObjects: 0.117200 ms CreateObjectMapping: 0.039100 ms MarkObjects: 1.266000 ms  DeleteObjects: 0.034700 ms)

========================================================================
Received Prepare
Registering precompiled user dll's ...
Registered in 0.000486 seconds.
Begin MonoManager ReloadAssembly
Native extension for WindowsStandalone target not found
Refreshing native plugins compatible for Editor in 0.24 ms, found 0 plugins.
Preloading 0 native plugins for Editor in 0.00 ms.
Invoked RoslynAnalysisRunner static constructor.
RoslynAnalysisRunner will not be running.
RoslynAnalysisRunner has terminated.
Mono: successfully reloaded assembly
- Completed reload, in  0.592 seconds
Platform modules already initialized, skipping
Refreshing native plugins compatible for Editor in 0.29 ms, found 0 plugins.
Preloading 0 native plugins for Editor in 0.00 ms.
Unloading 1155 Unused Serialized files (Serialized files now loaded: 0)
System memory in use before: 62.7 MB.
System memory in use after: 62.8 MB.

Unloading 5 unused Assets to reduce memory usage. Loaded Objects now: 1681.
Total: 1.425900 ms (FindLiveObjects: 0.131200 ms CreateObjectMapping: 0.042900 ms MarkObjects: 1.214200 ms  DeleteObjects: 0.036900 ms)

========================================================================
Received Import Request.
  Time since last request: 91.034760 seconds.
  path: Assets/Scripts/Entities
  artifactKey: Guid(cb24b50540406584080c34ce8a565d69) Importer(815301076,1909f56bfc062723c751e8b465ee728b)
Start importing Assets/Scripts/Entities using Guid(cb24b50540406584080c34ce8a565d69) Importer(815301076,1909f56bfc062723c751e8b465ee728b)  -> (artifact id: '80720839c598cbf32590f44e01091bfb') in 0.005831 seconds
  Import took 0.007533 seconds .

========================================================================
Received Import Request.
  Time since last request: 8.964750 seconds.
  path: Assets/Scripts/Generators
  artifactKey: Guid(32937ceb43c7973408963f3b127fb569) Importer(815301076,1909f56bfc062723c751e8b465ee728b)
Start importing Assets/Scripts/Generators using Guid(32937ceb43c7973408963f3b127fb569) Importer(815301076,1909f56bfc062723c751e8b465ee728b)  -> (artifact id: 'cfcfc6558b4b5ffc056644b8c41e178c') in 0.004842 seconds
  Import took 0.006623 seconds .

========================================================================
Received Import Request.
  Time since last request: 7.055005 seconds.
  path: Assets/Scripts/Spawners
  artifactKey: Guid(5ddcc78c6296e4844a634996012177ea) Importer(815301076,1909f56bfc062723c751e8b465ee728b)
Start importing Assets/Scripts/Spawners using Guid(5ddcc78c6296e4844a634996012177ea) Importer(815301076,1909f56bfc062723c751e8b465ee728b)  -> (artifact id: 'f69d991b76644820ad114ee882070dfa') in 0.004505 seconds
  Import took 0.006136 seconds .

========================================================================
Received Prepare
Registering precompiled user dll's ...
Registered in 0.000439 seconds.
Begin MonoManager ReloadAssembly
Native extension for WindowsStandalone target not found
Refreshing native plugins compatible for Editor in 0.23 ms, found 0 plugins.
Preloading 0 native plugins for Editor in 0.00 ms.
Invoked RoslynAnalysisRunner static constructor.
RoslynAnalysisRunner will not be running.
RoslynAnalysisRunner has terminated.
Mono: successfully reloaded assembly
- Completed reload, in  0.598 seconds
Platform modules already initialized, skipping
Refreshing native plugins compatible for Editor in 0.24 ms, found 0 plugins.
Preloading 0 native plugins for Editor in 0.00 ms.
Unloading 1155 Unused Serialized files (Serialized files now loaded: 0)
System memory in use before: 62.7 MB.
System memory in use after: 62.8 MB.

Unloading 5 unused Assets to reduce memory usage. Loaded Objects now: 1684.
Total: 1.415300 ms (FindLiveObjects: 0.114000 ms CreateObjectMapping: 0.030500 ms MarkObjects: 1.233500 ms  DeleteObjects: 0.036400 ms)

========================================================================
Received Import Request.
  Time since last request: 6.519888 seconds.
  path: Assets/Scripts/BombDamage.cs
  artifactKey: Guid(301cd8fc202f6d349bcde9cfe8714243) Importer(815301076,1909f56bfc062723c751e8b465ee728b)
Start importing Assets/Scripts/BombDamage.cs using Guid(301cd8fc202f6d349bcde9cfe8714243) Importer(815301076,1909f56bfc062723c751e8b465ee728b)  -> (artifact id: 'fb0f82603aff33342b947383b84b7642') in 0.002854 seconds
  Import took 0.004494 seconds .

========================================================================
Received Prepare
Registering precompiled user dll's ...
Registered in 0.000442 seconds.
Begin MonoManager ReloadAssembly
Native extension for WindowsStandalone target not found
Refreshing native plugins compatible for Editor in 0.24 ms, found 0 plugins.
Preloading 0 native plugins for Editor in 0.00 ms.
Invoked RoslynAnalysisRunner static constructor.
RoslynAnalysisRunner will not be running.
RoslynAnalysisRunner has terminated.
Mono: successfully reloaded assembly
- Completed reload, in  0.602 seconds
Platform modules already initialized, skipping
Refreshing native plugins compatible for Editor in 0.24 ms, found 0 plugins.
Preloading 0 native plugins for Editor in 0.00 ms.
Unloading 1155 Unused Serialized files (Serialized files now loaded: 0)
System memory in use before: 62.7 MB.
System memory in use after: 62.8 MB.

Unloading 5 unused Assets to reduce memory usage. Loaded Objects now: 1687.
Total: 3.341500 ms (FindLiveObjects: 0.308300 ms CreateObjectMapping: 0.099300 ms MarkObjects: 2.860000 ms  DeleteObjects: 0.072100 ms)

========================================================================
Received Import Request.
  Time since last request: 4.177715 seconds.
  path: Assets/Scripts/BombMovement.cs
  artifactKey: Guid(2c50b5a424270ea48b9bfcd80f6ba6cf) Importer(815301076,1909f56bfc062723c751e8b465ee728b)
Start importing Assets/Scripts/BombMovement.cs using Guid(2c50b5a424270ea48b9bfcd80f6ba6cf) Importer(815301076,1909f56bfc062723c751e8b465ee728b)  -> (artifact id: '60dc203f6297937ff0312618184545e8') in 0.008108 seconds
  Import took 0.010345 seconds .

========================================================================
Received Prepare
Registering precompiled user dll's ...
Registered in 0.000437 seconds.
Begin MonoManager ReloadAssembly
Native extension for WindowsStandalone target not found
Refreshing native plugins compatible for Editor in 0.25 ms, found 0 plugins.
Preloading 0 native plugins for Editor in 0.00 ms.
Invoked RoslynAnalysisRunner static constructor.
RoslynAnalysisRunner will not be running.
RoslynAnalysisRunner has terminated.
Mono: successfully reloaded assembly
- Completed reload, in  0.597 seconds
Platform modules already initialized, skipping
Refreshing native plugins compatible for Editor in 0.23 ms, found 0 plugins.
Preloading 0 native plugins for Editor in 0.00 ms.
Unloading 1155 Unused Serialized files (Serialized files now loaded: 0)
System memory in use before: 62.7 MB.
System memory in use after: 62.8 MB.

Unloading 5 unused Assets to reduce memory usage. Loaded Objects now: 1690.
Total: 1.324900 ms (FindLiveObjects: 0.104000 ms CreateObjectMapping: 0.033600 ms MarkObjects: 1.154500 ms  DeleteObjects: 0.032200 ms)

========================================================================
Received Prepare
Registering precompiled user dll's ...
Registered in 0.000429 seconds.
Begin MonoManager ReloadAssembly
Native extension for WindowsStandalone target not found
Refreshing native plugins compatible for Editor in 0.24 ms, found 0 plugins.
Preloading 0 native plugins for Editor in 0.00 ms.
Invoked RoslynAnalysisRunner static constructor.
RoslynAnalysisRunner will not be running.
RoslynAnalysisRunner has terminated.
Mono: successfully reloaded assembly
- Completed reload, in  0.594 seconds
Platform modules already initialized, skipping
Refreshing native plugins compatible for Editor in 0.23 ms, found 0 plugins.
Preloading 0 native plugins for Editor in 0.00 ms.
Unloading 1155 Unused Serialized files (Serialized files now loaded: 0)
System memory in use before: 62.7 MB.
System memory in use after: 62.8 MB.

Unloading 5 unused Assets to reduce memory usage. Loaded Objects now: 1693.
Total: 3.404600 ms (FindLiveObjects: 0.281100 ms CreateObjectMapping: 0.097200 ms MarkObjects: 2.953000 ms  DeleteObjects: 0.071300 ms)

========================================================================
Received Prepare
Registering precompiled user dll's ...
Registered in 0.000415 seconds.
Begin MonoManager ReloadAssembly
Native extension for WindowsStandalone target not found
Refreshing native plugins compatible for Editor in 0.24 ms, found 0 plugins.
Preloading 0 native plugins for Editor in 0.00 ms.
Invoked RoslynAnalysisRunner static constructor.
RoslynAnalysisRunner will not be running.
RoslynAnalysisRunner has terminated.
Mono: successfully reloaded assembly
- Completed reload, in  0.600 seconds
Platform modules already initialized, skipping
Refreshing native plugins compatible for Editor in 0.23 ms, found 0 plugins.
Preloading 0 native plugins for Editor in 0.00 ms.
Unloading 1155 Unused Serialized files (Serialized files now loaded: 0)
System memory in use before: 62.7 MB.
System memory in use after: 62.8 MB.

Unloading 5 unused Assets to reduce memory usage. Loaded Objects now: 1696.
Total: 1.509900 ms (FindLiveObjects: 0.125300 ms CreateObjectMapping: 0.038300 ms MarkObjects: 1.310000 ms  DeleteObjects: 0.035400 ms)

========================================================================
Received Import Request.
  Time since last request: 16.658730 seconds.
  path: Assets/Scripts/EntityGenerator.cs
  artifactKey: Guid(06a6d4a1b42ef604099415cf8cd538b1) Importer(815301076,1909f56bfc062723c751e8b465ee728b)
Start importing Assets/Scripts/EntityGenerator.cs using Guid(06a6d4a1b42ef604099415cf8cd538b1) Importer(815301076,1909f56bfc062723c751e8b465ee728b)  -> (artifact id: '3812d4785be70469a6e336bb352e3d80') in 0.005676 seconds
  Import took 0.007195 seconds .

========================================================================
Received Prepare
Registering precompiled user dll's ...
Registered in 0.000421 seconds.
Begin MonoManager ReloadAssembly
Native extension for WindowsStandalone target not found
Refreshing native plugins compatible for Editor in 0.23 ms, found 0 plugins.
Preloading 0 native plugins for Editor in 0.00 ms.
Invoked RoslynAnalysisRunner static constructor.
RoslynAnalysisRunner will not be running.
RoslynAnalysisRunner has terminated.
Mono: successfully reloaded assembly
- Completed reload, in  0.595 seconds
Platform modules already initialized, skipping
Refreshing native plugins compatible for Editor in 0.22 ms, found 0 plugins.
Preloading 0 native plugins for Editor in 0.00 ms.
Unloading 1155 Unused Serialized files (Serialized files now loaded: 0)
System memory in use before: 62.7 MB.
System memory in use after: 62.8 MB.

Unloading 5 unused Assets to reduce memory usage. Loaded Objects now: 1699.
Total: 3.811700 ms (FindLiveObjects: 0.282500 ms CreateObjectMapping: 0.115900 ms MarkObjects: 3.342500 ms  DeleteObjects: 0.069100 ms)

========================================================================
Received Import Request.
  Time since last request: 7.667391 seconds.
  path: Assets/Scripts/HorizontalEntitySpawner.cs
  artifactKey: Guid(a3c98bf6418b5944ebe70ce41e0a3cc4) Importer(815301076,1909f56bfc062723c751e8b465ee728b)
Start importing Assets/Scripts/HorizontalEntitySpawner.cs using Guid(a3c98bf6418b5944ebe70ce41e0a3cc4) Importer(815301076,1909f56bfc062723c751e8b465ee728b)  -> (artifact id: '3c114172600b392b91d5743c29d424cf') in 0.005902 seconds
  Import took 0.008178 seconds .

========================================================================
Received Prepare
Registering precompiled user dll's ...
Registered in 0.000414 seconds.
Begin MonoManager ReloadAssembly
Native extension for WindowsStandalone target not found
Refreshing native plugins compatible for Editor in 0.24 ms, found 0 plugins.
Preloading 0 native plugins for Editor in 0.00 ms.
Invoked RoslynAnalysisRunner static constructor.
RoslynAnalysisRunner will not be running.
RoslynAnalysisRunner has terminated.
Mono: successfully reloaded assembly
- Completed reload, in  0.600 seconds
Platform modules already initialized, skipping
Refreshing native plugins compatible for Editor in 0.23 ms, found 0 plugins.
Preloading 0 native plugins for Editor in 0.00 ms.
Unloading 1155 Unused Serialized files (Serialized files now loaded: 0)
System memory in use before: 62.7 MB.
System memory in use after: 62.8 MB.

Unloading 5 unused Assets to reduce memory usage. Loaded Objects now: 1702.
Total: 1.471100 ms (FindLiveObjects: 0.117300 ms CreateObjectMapping: 0.040700 ms MarkObjects: 1.279700 ms  DeleteObjects: 0.032700 ms)

========================================================================
Received Import Request.
  Time since last request: 6.067815 seconds.
  path: Assets/Scripts/Man.cs
  artifactKey: Guid(5b6da1d4f55443e45964ad7f4a39700b) Importer(815301076,1909f56bfc062723c751e8b465ee728b)
Start importing Assets/Scripts/Man.cs using Guid(5b6da1d4f55443e45964ad7f4a39700b) Importer(815301076,1909f56bfc062723c751e8b465ee728b)  -> (artifact id: 'cadcaff840a9a72fef4d7cf7f3cde07b') in 0.004268 seconds
  Import took 0.008250 seconds .

========================================================================
Received Prepare
Registering precompiled user dll's ...
Registered in 0.000409 seconds.
Begin MonoManager ReloadAssembly
Native extension for WindowsStandalone target not found
Refreshing native plugins compatible for Editor in 0.23 ms, found 0 plugins.
Preloading 0 native plugins for Editor in 0.00 ms.
Invoked RoslynAnalysisRunner static constructor.
RoslynAnalysisRunner will not be running.
RoslynAnalysisRunner has terminated.
Mono: successfully reloaded assembly
- Completed reload, in  0.595 seconds
Platform modules already initialized, skipping
Refreshing native plugins compatible for Editor in 0.23 ms, found 0 plugins.
Preloading 0 native plugins for Editor in 0.00 ms.
Unloading 1155 Unused Serialized files (Serialized files now loaded: 0)
System memory in use before: 62.7 MB.
System memory in use after: 62.8 MB.

Unloading 5 unused Assets to reduce memory usage. Loaded Objects now: 1705.
Total: 1.552300 ms (FindLiveObjects: 0.112500 ms CreateObjectMapping: 0.029800 ms MarkObjects: 1.371600 ms  DeleteObjects: 0.037300 ms)

========================================================================
Received Prepare
Registering precompiled user dll's ...
Registered in 0.000429 seconds.
Begin MonoManager ReloadAssembly
Native extension for WindowsStandalone target not found
Refreshing native plugins compatible for Editor in 0.24 ms, found 0 plugins.
Preloading 0 native plugins for Editor in 0.00 ms.
Invoked RoslynAnalysisRunner static constructor.
RoslynAnalysisRunner will not be running.
RoslynAnalysisRunner has terminated.
Mono: successfully reloaded assembly
- Completed reload, in  0.599 seconds
Platform modules already initialized, skipping
Refreshing native plugins compatible for Editor in 0.24 ms, found 0 plugins.
Preloading 0 native plugins for Editor in 0.00 ms.
Unloading 1155 Unused Serialized files (Serialized files now loaded: 0)
System memory in use before: 62.7 MB.
System memory in use after: 62.8 MB.

Unloading 5 unused Assets to reduce memory usage. Loaded Objects now: 1708.
Total: 1.405400 ms (FindLiveObjects: 0.119200 ms CreateObjectMapping: 0.035000 ms MarkObjects: 1.213800 ms  DeleteObjects: 0.036600 ms)

========================================================================
Received Prepare
Registering precompiled user dll's ...
Registered in 0.000400 seconds.
Begin MonoManager ReloadAssembly
Native extension for WindowsStandalone target not found
Refreshing native plugins compatible for Editor in 0.24 ms, found 0 plugins.
Preloading 0 native plugins for Editor in 0.00 ms.
Invoked RoslynAnalysisRunner static constructor.
RoslynAnalysisRunner will not be running.
RoslynAnalysisRunner has terminated.
Mono: successfully reloaded assembly
- Completed reload, in  0.596 seconds
Platform modules already initialized, skipping
Refreshing native plugins compatible for Editor in 0.24 ms, found 0 plugins.
Preloading 0 native plugins for Editor in 0.00 ms.
Unloading 1155 Unused Serialized files (Serialized files now loaded: 0)
System memory in use before: 62.7 MB.
System memory in use after: 62.8 MB.

Unloading 5 unused Assets to reduce memory usage. Loaded Objects now: 1711.
Total: 1.396600 ms (FindLiveObjects: 0.127400 ms CreateObjectMapping: 0.033800 ms MarkObjects: 1.198000 ms  DeleteObjects: 0.036700 ms)

========================================================================
Received Prepare
Registering precompiled user dll's ...
Registered in 0.000421 seconds.
Begin MonoManager ReloadAssembly
Native extension for WindowsStandalone target not found
Refreshing native plugins compatible for Editor in 0.23 ms, found 0 plugins.
Preloading 0 native plugins for Editor in 0.00 ms.
Invoked RoslynAnalysisRunner static constructor.
RoslynAnalysisRunner will not be running.
RoslynAnalysisRunner has terminated.
Mono: successfully reloaded assembly
- Completed reload, in  0.595 seconds
Platform modules already initialized, skipping
Refreshing native plugins compatible for Editor in 0.24 ms, found 0 plugins.
Preloading 0 native plugins for Editor in 0.00 ms.
Unloading 1155 Unused Serialized files (Serialized files now loaded: 0)
System memory in use before: 62.7 MB.
System memory in use after: 62.8 MB.

Unloading 5 unused Assets to reduce memory usage. Loaded Objects now: 1714.
Total: 1.386000 ms (FindLiveObjects: 0.125100 ms CreateObjectMapping: 0.034500 ms MarkObjects: 1.192600 ms  DeleteObjects: 0.033100 ms)

========================================================================
Received Import Request.
  Time since last request: 27.496568 seconds.
  path: Assets/Scripts/Entities/Entity.cs
  artifactKey: Guid(2b047fd1270fc1e4c9366b1bb7916701) Importer(815301076,1909f56bfc062723c751e8b465ee728b)
Start importing Assets/Scripts/Entities/Entity.cs using Guid(2b047fd1270fc1e4c9366b1bb7916701) Importer(815301076,1909f56bfc062723c751e8b465ee728b)  -> (artifact id: 'b9f3cabf0f6a7f4c3090e9865129ecab') in 0.003322 seconds
  Import took 0.005162 seconds .

========================================================================
Received Import Request.
  Time since last request: 0.023070 seconds.
  path: Assets/Scripts/Entities/Entity.cs
  artifactKey: Guid(2b047fd1270fc1e4c9366b1bb7916701) Importer(815301076,1909f56bfc062723c751e8b465ee728b)
Start importing Assets/Scripts/Entities/Entity.cs using Guid(2b047fd1270fc1e4c9366b1bb7916701) Importer(815301076,1909f56bfc062723c751e8b465ee728b)  -> (artifact id: 'b9f3cabf0f6a7f4c3090e9865129ecab') in 0.001505 seconds
  Import took 0.003143 seconds .

========================================================================
Received Import Request.
  Time since last request: 29.969580 seconds.
  path: Assets/Scripts/Entities/Entity.cs
  artifactKey: Guid(2b047fd1270fc1e4c9366b1bb7916701) Importer(815301076,1909f56bfc062723c751e8b465ee728b)
Start importing Assets/Scripts/Entities/Entity.cs using Guid(2b047fd1270fc1e4c9366b1bb7916701) Importer(815301076,1909f56bfc062723c751e8b465ee728b)  -> (artifact id: 'bf6942af9aadc49e96f77ee2de10f7e3') in 0.001399 seconds
  Import took 0.003080 seconds .

========================================================================
Received Prepare
Registering precompiled user dll's ...
Registered in 0.000453 seconds.
Begin MonoManager ReloadAssembly
Native extension for WindowsStandalone target not found
Refreshing native plugins compatible for Editor in 0.24 ms, found 0 plugins.
Preloading 0 native plugins for Editor in 0.00 ms.
Invoked RoslynAnalysisRunner static constructor.
RoslynAnalysisRunner will not be running.
RoslynAnalysisRunner has terminated.
Mono: successfully reloaded assembly
- Completed reload, in  0.597 seconds
Platform modules already initialized, skipping
Refreshing native plugins compatible for Editor in 0.22 ms, found 0 plugins.
Preloading 0 native plugins for Editor in 0.00 ms.
Unloading 1155 Unused Serialized files (Serialized files now loaded: 0)
System memory in use before: 62.8 MB.
System memory in use after: 62.8 MB.

Unloading 5 unused Assets to reduce memory usage. Loaded Objects now: 1717.
Total: 1.549700 ms (FindLiveObjects: 0.119200 ms CreateObjectMapping: 0.032400 ms MarkObjects: 1.362000 ms  DeleteObjects: 0.035300 ms)

========================================================================
Received Import Request.
  Time since last request: 28.840758 seconds.
  path: Assets/Scripts/Entities/Entity.cs
  artifactKey: Guid(2b047fd1270fc1e4c9366b1bb7916701) Importer(815301076,1909f56bfc062723c751e8b465ee728b)
Start importing Assets/Scripts/Entities/Entity.cs using Guid(2b047fd1270fc1e4c9366b1bb7916701) Importer(815301076,1909f56bfc062723c751e8b465ee728b)  -> (artifact id: '79cca10b5cb26072acc7043054cd90d0') in 0.003036 seconds
  Import took 0.004956 seconds .

========================================================================
Received Prepare
Registering precompiled user dll's ...
Registered in 0.000479 seconds.
Begin MonoManager ReloadAssembly
Native extension for WindowsStandalone target not found
Refreshing native plugins compatible for Editor in 0.26 ms, found 0 plugins.
Preloading 0 native plugins for Editor in 0.00 ms.
Invoked RoslynAnalysisRunner static constructor.
RoslynAnalysisRunner will not be running.
RoslynAnalysisRunner has terminated.
Mono: successfully reloaded assembly
- Completed reload, in  0.595 seconds
Platform modules already initialized, skipping
Refreshing native plugins compatible for Editor in 0.23 ms, found 0 plugins.
Preloading 0 native plugins for Editor in 0.00 ms.
Unloading 1155 Unused Serialized files (Serialized files now loaded: 0)
System memory in use before: 62.8 MB.
System memory in use after: 62.8 MB.

Unloading 5 unused Assets to reduce memory usage. Loaded Objects now: 1720.
Total: 3.782400 ms (FindLiveObjects: 0.311200 ms CreateObjectMapping: 0.100000 ms MarkObjects: 3.300900 ms  DeleteObjects: 0.068500 ms)

========================================================================
Received Import Request.
  Time since last request: 7.119796 seconds.
  path: Assets/Scripts/Entities/Man.cs
  artifactKey: Guid(5b6da1d4f55443e45964ad7f4a39700b) Importer(815301076,1909f56bfc062723c751e8b465ee728b)
Start importing Assets/Scripts/Entities/Man.cs using Guid(5b6da1d4f55443e45964ad7f4a39700b) Importer(815301076,1909f56bfc062723c751e8b465ee728b)  -> (artifact id: 'af217f861b77317574ad1dad5acd91d4') in 0.002904 seconds
  Import took 0.004576 seconds .

========================================================================
Received Prepare
Registering precompiled user dll's ...
Registered in 0.000454 seconds.
Begin MonoManager ReloadAssembly
Native extension for WindowsStandalone target not found
Refreshing native plugins compatible for Editor in 0.25 ms, found 0 plugins.
Preloading 0 native plugins for Editor in 0.00 ms.
Invoked RoslynAnalysisRunner static constructor.
RoslynAnalysisRunner will not be running.
RoslynAnalysisRunner has terminated.
Mono: successfully reloaded assembly
- Completed reload, in  0.599 seconds
Platform modules already initialized, skipping
Refreshing native plugins compatible for Editor in 0.24 ms, found 0 plugins.
Preloading 0 native plugins for Editor in 0.00 ms.
Unloading 1155 Unused Serialized files (Serialized files now loaded: 0)
System memory in use before: 62.8 MB.
System memory in use after: 62.8 MB.

Unloading 5 unused Assets to reduce memory usage. Loaded Objects now: 1723.
Total: 1.381000 ms (FindLiveObjects: 0.115000 ms CreateObjectMapping: 0.033500 ms MarkObjects: 1.198800 ms  DeleteObjects: 0.033200 ms)

========================================================================
Received Import Request.
  Time since last request: 24.861485 seconds.
  path: Assets/Scripts/Entities/ManMovement.cs
  artifactKey: Guid(e1bd509107490414289adbfe9b778ef6) Importer(815301076,1909f56bfc062723c751e8b465ee728b)
Start importing Assets/Scripts/Entities/ManMovement.cs using Guid(e1bd509107490414289adbfe9b778ef6) Importer(815301076,1909f56bfc062723c751e8b465ee728b)  -> (artifact id: 'e3a0b71f343d2c3811414b6c4a2b436a') in 0.002841 seconds
  Import took 0.004423 seconds .

========================================================================
Received Import Request.
  Time since last request: 0.243077 seconds.
  path: Assets/Scripts/Entities/Bomb.cs
  artifactKey: Guid(9fd870093b6627343bf897058e3fa6d8) Importer(815301076,1909f56bfc062723c751e8b465ee728b)
Start importing Assets/Scripts/Entities/Bomb.cs using Guid(9fd870093b6627343bf897058e3fa6d8) Importer(815301076,1909f56bfc062723c751e8b465ee728b)  -> (artifact id: 'c244621ea69ab4b6f962d86d8a2173de') in 0.004542 seconds
  Import took 0.006425 seconds .

========================================================================
Received Prepare
Registering precompiled user dll's ...
Registered in 0.000450 seconds.
Begin MonoManager ReloadAssembly
Native extension for WindowsStandalone target not found
Refreshing native plugins compatible for Editor in 0.24 ms, found 0 plugins.
Preloading 0 native plugins for Editor in 0.00 ms.
Invoked RoslynAnalysisRunner static constructor.
RoslynAnalysisRunner will not be running.
RoslynAnalysisRunner has terminated.
Mono: successfully reloaded assembly
- Completed reload, in  0.595 seconds
Platform modules already initialized, skipping
Refreshing native plugins compatible for Editor in 0.24 ms, found 0 plugins.
Preloading 0 native plugins for Editor in 0.00 ms.
Unloading 1155 Unused Serialized files (Serialized files now loaded: 0)
System memory in use before: 62.8 MB.
System memory in use after: 62.8 MB.

Unloading 5 unused Assets to reduce memory usage. Loaded Objects now: 1726.
Total: 1.577000 ms (FindLiveObjects: 0.128200 ms CreateObjectMapping: 0.035200 ms MarkObjects: 1.375800 ms  DeleteObjects: 0.037000 ms)

========================================================================
Received Import Request.
  Time since last request: 6.944281 seconds.
  path: Assets/Scripts/Entities/Bomb.cs
  artifactKey: Guid(9fd870093b6627343bf897058e3fa6d8) Importer(815301076,1909f56bfc062723c751e8b465ee728b)
Start importing Assets/Scripts/Entities/Bomb.cs using Guid(9fd870093b6627343bf897058e3fa6d8) Importer(815301076,1909f56bfc062723c751e8b465ee728b)  -> (artifact id: '5f7c7c27fd7b6c1f286392826ef71a1e') in 0.002760 seconds
  Import took 0.004317 seconds .

========================================================================
Received Import Request.
  Time since last request: 0.000234 seconds.
  path: Assets/Scripts/Entities/BombDamage.cs
  artifactKey: Guid(301cd8fc202f6d349bcde9cfe8714243) Importer(815301076,1909f56bfc062723c751e8b465ee728b)
Start importing Assets/Scripts/Entities/BombDamage.cs using Guid(301cd8fc202f6d349bcde9cfe8714243) Importer(815301076,1909f56bfc062723c751e8b465ee728b)  -> (artifact id: '3b541a8dc1a8e17c1244ccb1571e6f57') in 0.001362 seconds
  Import took 0.002971 seconds .

========================================================================
Received Import Request.
  Time since last request: 11.720656 seconds.
  path: Assets/Scripts/Entities/BombDamage.cs
  artifactKey: Guid(301cd8fc202f6d349bcde9cfe8714243) Importer(815301076,1909f56bfc062723c751e8b465ee728b)
Start importing Assets/Scripts/Entities/BombDamage.cs using Guid(301cd8fc202f6d349bcde9cfe8714243) Importer(815301076,1909f56bfc062723c751e8b465ee728b)  -> (artifact id: 'd4de7fd9d18a699d6985416099689efc') in 0.001391 seconds
  Import took 0.003020 seconds .

========================================================================
Received Prepare
Registering precompiled user dll's ...
Registered in 0.000449 seconds.
Begin MonoManager ReloadAssembly
Native extension for WindowsStandalone target not found
Refreshing native plugins compatible for Editor in 0.24 ms, found 0 plugins.
Preloading 0 native plugins for Editor in 0.00 ms.
Invoked RoslynAnalysisRunner static constructor.
RoslynAnalysisRunner will not be running.
RoslynAnalysisRunner has terminated.
Mono: successfully reloaded assembly
- Completed reload, in  0.597 seconds
Platform modules already initialized, skipping
Refreshing native plugins compatible for Editor in 0.22 ms, found 0 plugins.
Preloading 0 native plugins for Editor in 0.00 ms.
Unloading 1155 Unused Serialized files (Serialized files now loaded: 0)
System memory in use before: 62.8 MB.
System memory in use after: 62.8 MB.

Unloading 5 unused Assets to reduce memory usage. Loaded Objects now: 1729.
Total: 5.344200 ms (FindLiveObjects: 0.413100 ms CreateObjectMapping: 0.131100 ms MarkObjects: 4.705100 ms  DeleteObjects: 0.092300 ms)

========================================================================
Received Import Request.
  Time since last request: 15.306620 seconds.
  path: Assets/Scripts/Entities/BombDamage.cs
  artifactKey: Guid(301cd8fc202f6d349bcde9cfe8714243) Importer(815301076,1909f56bfc062723c751e8b465ee728b)
Start importing Assets/Scripts/Entities/BombDamage.cs using Guid(301cd8fc202f6d349bcde9cfe8714243) Importer(815301076,1909f56bfc062723c751e8b465ee728b)  -> (artifact id: '11806bc31683fef4f9e8e4b2fec3db07') in 0.011401 seconds
  Import took 0.017988 seconds .

========================================================================
Received Import Request.
  Time since last request: 17.974236 seconds.
  path: Assets/Scripts/Entities/Bomb.cs
  artifactKey: Guid(9fd870093b6627343bf897058e3fa6d8) Importer(815301076,1909f56bfc062723c751e8b465ee728b)
Start importing Assets/Scripts/Entities/Bomb.cs using Guid(9fd870093b6627343bf897058e3fa6d8) Importer(815301076,1909f56bfc062723c751e8b465ee728b)  -> (artifact id: 'e644f90c646ea19e9a6fceeef21078ff') in 0.001555 seconds
  Import took 0.003599 seconds .

========================================================================
Received Prepare
Registering precompiled user dll's ...
Registered in 0.000460 seconds.
Begin MonoManager ReloadAssembly
Native extension for WindowsStandalone target not found
Refreshing native plugins compatible for Editor in 0.25 ms, found 0 plugins.
Preloading 0 native plugins for Editor in 0.00 ms.
Invoked RoslynAnalysisRunner static constructor.
RoslynAnalysisRunner will not be running.
RoslynAnalysisRunner has terminated.
Mono: successfully reloaded assembly
- Completed reload, in  0.602 seconds
Platform modules already initialized, skipping
Refreshing native plugins compatible for Editor in 0.23 ms, found 0 plugins.
Preloading 0 native plugins for Editor in 0.00 ms.
Unloading 1155 Unused Serialized files (Serialized files now loaded: 0)
System memory in use before: 62.8 MB.
System memory in use after: 62.8 MB.

Unloading 5 unused Assets to reduce memory usage. Loaded Objects now: 1732.
Total: 1.347300 ms (FindLiveObjects: 0.121500 ms CreateObjectMapping: 0.040100 ms MarkObjects: 1.152000 ms  DeleteObjects: 0.032900 ms)

========================================================================
Received Import Request.
  Time since last request: 10.899726 seconds.
  path: Assets/Scripts/Entities/BombMovement.cs
  artifactKey: Guid(2c50b5a424270ea48b9bfcd80f6ba6cf) Importer(815301076,1909f56bfc062723c751e8b465ee728b)
Start importing Assets/Scripts/Entities/BombMovement.cs using Guid(2c50b5a424270ea48b9bfcd80f6ba6cf) Importer(815301076,1909f56bfc062723c751e8b465ee728b)  -> (artifact id: 'b5ff6f5fd7b4c06ec056e6947b69395d') in 0.002958 seconds
  Import took 0.004601 seconds .

========================================================================
Received Import Request.
  Time since last request: 5.916711 seconds.
  path: Assets/Scripts/Entities/BombMovement.cs
  artifactKey: Guid(2c50b5a424270ea48b9bfcd80f6ba6cf) Importer(815301076,1909f56bfc062723c751e8b465ee728b)
Start importing Assets/Scripts/Entities/BombMovement.cs using Guid(2c50b5a424270ea48b9bfcd80f6ba6cf) Importer(815301076,1909f56bfc062723c751e8b465ee728b)  -> (artifact id: '746f60729b2823d783bd7885b3a5480d') in 0.001667 seconds
  Import took 0.003366 seconds .

========================================================================
Received Prepare
Registering precompiled user dll's ...
Registered in 0.000445 seconds.
Begin MonoManager ReloadAssembly
Native extension for WindowsStandalone target not found
Refreshing native plugins compatible for Editor in 0.23 ms, found 0 plugins.
Preloading 0 native plugins for Editor in 0.00 ms.
Invoked RoslynAnalysisRunner static constructor.
RoslynAnalysisRunner will not be running.
RoslynAnalysisRunner has terminated.
Mono: successfully reloaded assembly
- Completed reload, in  0.601 seconds
Platform modules already initialized, skipping
Refreshing native plugins compatible for Editor in 0.23 ms, found 0 plugins.
Preloading 0 native plugins for Editor in 0.00 ms.
Unloading 1155 Unused Serialized files (Serialized files now loaded: 0)
System memory in use before: 62.8 MB.
System memory in use after: 62.9 MB.

Unloading 5 unused Assets to reduce memory usage. Loaded Objects now: 1735.
Total: 4.913600 ms (FindLiveObjects: 0.399000 ms CreateObjectMapping: 0.141900 ms MarkObjects: 4.274200 ms  DeleteObjects: 0.095700 ms)

========================================================================
Received Import Request.
  Time since last request: 12.067880 seconds.
  path: Assets/Scripts/Entities/BombMovement.cs
  artifactKey: Guid(2c50b5a424270ea48b9bfcd80f6ba6cf) Importer(815301076,1909f56bfc062723c751e8b465ee728b)
Start importing Assets/Scripts/Entities/BombMovement.cs using Guid(2c50b5a424270ea48b9bfcd80f6ba6cf) Importer(815301076,1909f56bfc062723c751e8b465ee728b)  -> (artifact id: '6a2f1f08b8e4202740026ff2982b7118') in 0.004439 seconds
  Import took 0.007541 seconds .

========================================================================
Received Import Request.
  Time since last request: 8.047510 seconds.
  path: Assets/Scripts/Entities/Entity.cs
  artifactKey: Guid(2b047fd1270fc1e4c9366b1bb7916701) Importer(815301076,1909f56bfc062723c751e8b465ee728b)
Start importing Assets/Scripts/Entities/Entity.cs using Guid(2b047fd1270fc1e4c9366b1bb7916701) Importer(815301076,1909f56bfc062723c751e8b465ee728b)  -> (artifact id: '9c30b1ffacf8080ce284558ab2a0929e') in 0.001483 seconds
  Import took 0.003158 seconds .

========================================================================
Received Prepare
Registering precompiled user dll's ...
Registered in 0.000487 seconds.
Begin MonoManager ReloadAssembly
Native extension for WindowsStandalone target not found
Refreshing native plugins compatible for Editor in 0.24 ms, found 0 plugins.
Preloading 0 native plugins for Editor in 0.00 ms.
Invoked RoslynAnalysisRunner static constructor.
RoslynAnalysisRunner will not be running.
RoslynAnalysisRunner has terminated.
Mono: successfully reloaded assembly
- Completed reload, in  0.598 seconds
Platform modules already initialized, skipping
Refreshing native plugins compatible for Editor in 0.23 ms, found 0 plugins.
Preloading 0 native plugins for Editor in 0.00 ms.
Unloading 1155 Unused Serialized files (Serialized files now loaded: 0)
System memory in use before: 62.8 MB.
System memory in use after: 62.9 MB.

Unloading 5 unused Assets to reduce memory usage. Loaded Objects now: 1738.
Total: 1.367400 ms (FindLiveObjects: 0.109700 ms CreateObjectMapping: 0.034200 ms MarkObjects: 1.189600 ms  DeleteObjects: 0.032900 ms)

========================================================================
Received Import Request.
  Time since last request: 26.501527 seconds.
  path: Assets/Scripts/Entities/Man.cs
  artifactKey: Guid(5b6da1d4f55443e45964ad7f4a39700b) Importer(815301076,1909f56bfc062723c751e8b465ee728b)
Start importing Assets/Scripts/Entities/Man.cs using Guid(5b6da1d4f55443e45964ad7f4a39700b) Importer(815301076,1909f56bfc062723c751e8b465ee728b)  -> (artifact id: '6ffc6d676305e37b3c674bd482862f5d') in 0.003387 seconds
  Import took 0.005343 seconds .

========================================================================
Received Prepare
Registering precompiled user dll's ...
Registered in 0.000442 seconds.
Begin MonoManager ReloadAssembly
Native extension for WindowsStandalone target not found
Refreshing native plugins compatible for Editor in 0.25 ms, found 0 plugins.
Preloading 0 native plugins for Editor in 0.00 ms.
Invoked RoslynAnalysisRunner static constructor.
RoslynAnalysisRunner will not be running.
RoslynAnalysisRunner has terminated.
Mono: successfully reloaded assembly
- Completed reload, in  0.601 seconds
Platform modules already initialized, skipping
Refreshing native plugins compatible for Editor in 0.24 ms, found 0 plugins.
Preloading 0 native plugins for Editor in 0.00 ms.
Unloading 1155 Unused Serialized files (Serialized files now loaded: 0)
System memory in use before: 62.8 MB.
System memory in use after: 62.9 MB.

Unloading 5 unused Assets to reduce memory usage. Loaded Objects now: 1741.
Total: 1.428000 ms (FindLiveObjects: 0.118200 ms CreateObjectMapping: 0.031500 ms MarkObjects: 1.245100 ms  DeleteObjects: 0.032500 ms)

========================================================================
Received Prepare
Registering precompiled user dll's ...
Registered in 0.000434 seconds.
Begin MonoManager ReloadAssembly
Native extension for WindowsStandalone target not found
Refreshing native plugins compatible for Editor in 0.24 ms, found 0 plugins.
Preloading 0 native plugins for Editor in 0.00 ms.
Invoked RoslynAnalysisRunner static constructor.
RoslynAnalysisRunner will not be running.
RoslynAnalysisRunner has terminated.
Mono: successfully reloaded assembly
- Completed reload, in  0.596 seconds
Platform modules already initialized, skipping
Refreshing native plugins compatible for Editor in 0.23 ms, found 0 plugins.
Preloading 0 native plugins for Editor in 0.00 ms.
Unloading 1154 Unused Serialized files (Serialized files now loaded: 0)
System memory in use before: 62.8 MB.
System memory in use after: 62.8 MB.

Unloading 6 unused Assets to reduce memory usage. Loaded Objects now: 1743.
Total: 1.358000 ms (FindLiveObjects: 0.113700 ms CreateObjectMapping: 0.033800 ms MarkObjects: 1.176200 ms  DeleteObjects: 0.033600 ms)

========================================================================
Received Import Request.
  Time since last request: 76.841869 seconds.
  path: Assets/Scripts/Generators/EntityFixedGenerator.cs
  artifactKey: Guid(7b3c1e758376ce140bbfca6649114456) Importer(815301076,1909f56bfc062723c751e8b465ee728b)
Start importing Assets/Scripts/Generators/EntityFixedGenerator.cs using Guid(7b3c1e758376ce140bbfca6649114456) Importer(815301076,1909f56bfc062723c751e8b465ee728b)  -> (artifact id: 'd8a418607b5682f54893bc7730eac55c') in 0.003059 seconds
  Import took 0.004815 seconds .

========================================================================
Received Prepare
Registering precompiled user dll's ...
Registered in 0.000543 seconds.
Begin MonoManager ReloadAssembly
Native extension for WindowsStandalone target not found
Refreshing native plugins compatible for Editor in 0.24 ms, found 0 plugins.
Preloading 0 native plugins for Editor in 0.00 ms.
Invoked RoslynAnalysisRunner static constructor.
RoslynAnalysisRunner will not be running.
RoslynAnalysisRunner has terminated.
Mono: successfully reloaded assembly
- Completed reload, in  0.593 seconds
Platform modules already initialized, skipping
Refreshing native plugins compatible for Editor in 0.23 ms, found 0 plugins.
Preloading 0 native plugins for Editor in 0.00 ms.
Unloading 1154 Unused Serialized files (Serialized files now loaded: 0)
System memory in use before: 62.8 MB.
System memory in use after: 62.9 MB.

Unloading 5 unused Assets to reduce memory usage. Loaded Objects now: 1746.
Total: 1.370500 ms (FindLiveObjects: 0.107900 ms CreateObjectMapping: 0.034900 ms MarkObjects: 1.193600 ms  DeleteObjects: 0.033400 ms)

========================================================================
Received Import Request.
  Time since last request: 11.596332 seconds.
  path: Assets/Scripts/Generators/EntityGenerator.cs
  artifactKey: Guid(06a6d4a1b42ef604099415cf8cd538b1) Importer(815301076,1909f56bfc062723c751e8b465ee728b)
Start importing Assets/Scripts/Generators/EntityGenerator.cs using Guid(06a6d4a1b42ef604099415cf8cd538b1) Importer(815301076,1909f56bfc062723c751e8b465ee728b)  -> (artifact id: 'b02c51096740ca9f757bce07f0cb91ae') in 0.003838 seconds
  Import took 0.006087 seconds .

========================================================================
Received Prepare
Registering precompiled user dll's ...
Registered in 0.000449 seconds.
Begin MonoManager ReloadAssembly
Native extension for WindowsStandalone target not found
Refreshing native plugins compatible for Editor in 0.23 ms, found 0 plugins.
Preloading 0 native plugins for Editor in 0.00 ms.
Invoked RoslynAnalysisRunner static constructor.
RoslynAnalysisRunner will not be running.
RoslynAnalysisRunner has terminated.
Mono: successfully reloaded assembly
- Completed reload, in  0.608 seconds
Platform modules already initialized, skipping
Refreshing native plugins compatible for Editor in 0.23 ms, found 0 plugins.
Preloading 0 native plugins for Editor in 0.00 ms.
Unloading 1154 Unused Serialized files (Serialized files now loaded: 0)
System memory in use before: 62.8 MB.
System memory in use after: 62.9 MB.

Unloading 5 unused Assets to reduce memory usage. Loaded Objects now: 1749.
Total: 4.308500 ms (FindLiveObjects: 0.290600 ms CreateObjectMapping: 0.118100 ms MarkObjects: 3.804600 ms  DeleteObjects: 0.092800 ms)

========================================================================
Received Import Request.
  Time since last request: 34.836913 seconds.
  path: Assets/Scripts/Spawners/EntitySpawner.cs
  artifactKey: Guid(cc4813ea697933a448f3f4a20473c8d2) Importer(815301076,1909f56bfc062723c751e8b465ee728b)
Start importing Assets/Scripts/Spawners/EntitySpawner.cs using Guid(cc4813ea697933a448f3f4a20473c8d2) Importer(815301076,1909f56bfc062723c751e8b465ee728b)  -> (artifact id: '7e69696b8e2fc7f9ae6890e723da2f1f') in 0.006238 seconds
  Import took 0.007924 seconds .

========================================================================
Received Import Request.
  Time since last request: 6.215337 seconds.
  path: Assets/Scripts/Spawners/EntitySpawner.cs
  artifactKey: Guid(cc4813ea697933a448f3f4a20473c8d2) Importer(815301076,1909f56bfc062723c751e8b465ee728b)
Start importing Assets/Scripts/Spawners/EntitySpawner.cs using Guid(cc4813ea697933a448f3f4a20473c8d2) Importer(815301076,1909f56bfc062723c751e8b465ee728b)  -> (artifact id: 'b2b828483e93805a33e9e2344ea08b6a') in 0.001628 seconds
  Import took 0.003736 seconds .

========================================================================
Received Prepare
Registering precompiled user dll's ...
Registered in 0.000476 seconds.
Begin MonoManager ReloadAssembly
Native extension for WindowsStandalone target not found
Refreshing native plugins compatible for Editor in 0.23 ms, found 0 plugins.
Preloading 0 native plugins for Editor in 0.00 ms.
Invoked RoslynAnalysisRunner static constructor.
RoslynAnalysisRunner will not be running.
RoslynAnalysisRunner has terminated.
Mono: successfully reloaded assembly
- Completed reload, in  0.597 seconds
Platform modules already initialized, skipping
Refreshing native plugins compatible for Editor in 0.23 ms, found 0 plugins.
Preloading 0 native plugins for Editor in 0.00 ms.
Unloading 1154 Unused Serialized files (Serialized files now loaded: 0)
System memory in use before: 62.8 MB.
System memory in use after: 62.9 MB.

Unloading 5 unused Assets to reduce memory usage. Loaded Objects now: 1752.
Total: 4.188300 ms (FindLiveObjects: 0.353000 ms CreateObjectMapping: 0.113900 ms MarkObjects: 3.649100 ms  DeleteObjects: 0.069600 ms)

========================================================================
Received Import Request.
  Time since last request: 5.115424 seconds.
  path: Assets/Scripts/Spawners/HorizontalEntitySpawner.cs
  artifactKey: Guid(a3c98bf6418b5944ebe70ce41e0a3cc4) Importer(815301076,1909f56bfc062723c751e8b465ee728b)
Start importing Assets/Scripts/Spawners/HorizontalEntitySpawner.cs using Guid(a3c98bf6418b5944ebe70ce41e0a3cc4) Importer(815301076,1909f56bfc062723c751e8b465ee728b)  -> (artifact id: '0b2e11364a57427fe6a5eb71babfa2f4') in 0.002859 seconds
  Import took 0.004503 seconds .

========================================================================
Received Import Request.
  Time since last request: 0.002553 seconds.
  path: Assets/Scripts/Spawners/HorizontalEntitySpawner.cs
  artifactKey: Guid(a3c98bf6418b5944ebe70ce41e0a3cc4) Importer(815301076,1909f56bfc062723c751e8b465ee728b)
Start importing Assets/Scripts/Spawners/HorizontalEntitySpawner.cs using Guid(a3c98bf6418b5944ebe70ce41e0a3cc4) Importer(815301076,1909f56bfc062723c751e8b465ee728b)  -> (artifact id: '0b2e11364a57427fe6a5eb71babfa2f4') in 0.001400 seconds
  Import took 0.003045 seconds .

========================================================================
Received Import Request.
  Time since last request: 38.123069 seconds.
  path: Assets/Scripts/Spawners/HorizontalEntitySpawner.cs
  artifactKey: Guid(a3c98bf6418b5944ebe70ce41e0a3cc4) Importer(815301076,1909f56bfc062723c751e8b465ee728b)
Start importing Assets/Scripts/Spawners/HorizontalEntitySpawner.cs using Guid(a3c98bf6418b5944ebe70ce41e0a3cc4) Importer(815301076,1909f56bfc062723c751e8b465ee728b)  -> (artifact id: 'f1af2bc0b10cc89020c0f51814984f4d') in 0.001388 seconds
  Import took 0.003034 seconds .

========================================================================
Received Prepare
Registering precompiled user dll's ...
Registered in 0.000505 seconds.
Begin MonoManager ReloadAssembly
Native extension for WindowsStandalone target not found
Refreshing native plugins compatible for Editor in 0.24 ms, found 0 plugins.
Preloading 0 native plugins for Editor in 0.00 ms.
Invoked RoslynAnalysisRunner static constructor.
RoslynAnalysisRunner will not be running.
RoslynAnalysisRunner has terminated.
Mono: successfully reloaded assembly
- Completed reload, in  0.595 seconds
Platform modules already initialized, skipping
Refreshing native plugins compatible for Editor in 0.24 ms, found 0 plugins.
Preloading 0 native plugins for Editor in 0.00 ms.
Unloading 1154 Unused Serialized files (Serialized files now loaded: 0)
System memory in use before: 62.8 MB.
System memory in use after: 62.9 MB.

Unloading 5 unused Assets to reduce memory usage. Loaded Objects now: 1755.
Total: 1.603600 ms (FindLiveObjects: 0.122600 ms CreateObjectMapping: 0.033300 ms MarkObjects: 1.410700 ms  DeleteObjects: 0.036300 ms)

========================================================================
Received Import Request.
  Time since last request: 18.630233 seconds.
  path: Assets/Scripts/Spawners/HorizontalEntitySpawner.cs
  artifactKey: Guid(a3c98bf6418b5944ebe70ce41e0a3cc4) Importer(815301076,1909f56bfc062723c751e8b465ee728b)
Start importing Assets/Scripts/Spawners/HorizontalEntitySpawner.cs using Guid(a3c98bf6418b5944ebe70ce41e0a3cc4) Importer(815301076,1909f56bfc062723c751e8b465ee728b)  -> (artifact id: '3f147d8e6998d115fd468c703b394e2c') in 0.002940 seconds
  Import took 0.004497 seconds .

========================================================================
Received Import Request.
  Time since last request: 32.241773 seconds.
  path: Assets/Scripts/Spawners/HorizontalEntitySpawner.cs
  artifactKey: Guid(a3c98bf6418b5944ebe70ce41e0a3cc4) Importer(815301076,1909f56bfc062723c751e8b465ee728b)
Start importing Assets/Scripts/Spawners/HorizontalEntitySpawner.cs using Guid(a3c98bf6418b5944ebe70ce41e0a3cc4) Importer(815301076,1909f56bfc062723c751e8b465ee728b)  -> (artifact id: '59a86404dd35979786d6a67ced8d5660') in 0.001370 seconds
  Import took 0.003156 seconds .

========================================================================
Received Prepare
Registering precompiled user dll's ...
Registered in 0.000467 seconds.
Begin MonoManager ReloadAssembly
Native extension for WindowsStandalone target not found
Refreshing native plugins compatible for Editor in 0.23 ms, found 0 plugins.
Preloading 0 native plugins for Editor in 0.00 ms.
Invoked RoslynAnalysisRunner static constructor.
RoslynAnalysisRunner will not be running.
RoslynAnalysisRunner has terminated.
Mono: successfully reloaded assembly
- Completed reload, in  0.609 seconds
Platform modules already initialized, skipping
Refreshing native plugins compatible for Editor in 0.24 ms, found 0 plugins.
Preloading 0 native plugins for Editor in 0.00 ms.
Unloading 1154 Unused Serialized files (Serialized files now loaded: 0)
System memory in use before: 62.8 MB.
System memory in use after: 62.9 MB.

Unloading 5 unused Assets to reduce memory usage. Loaded Objects now: 1758.
Total: 1.676500 ms (FindLiveObjects: 0.130300 ms CreateObjectMapping: 0.045700 ms MarkObjects: 1.462500 ms  DeleteObjects: 0.037200 ms)

========================================================================
Received Prepare
Registering precompiled user dll's ...
Registered in 0.000693 seconds.
Begin MonoManager ReloadAssembly
Native extension for WindowsStandalone target not found
Refreshing native plugins compatible for Editor in 0.24 ms, found 0 plugins.
Preloading 0 native plugins for Editor in 0.00 ms.
Invoked RoslynAnalysisRunner static constructor.
RoslynAnalysisRunner will not be running.
RoslynAnalysisRunner has terminated.
Mono: successfully reloaded assembly
- Completed reload, in  0.596 seconds
Platform modules already initialized, skipping
Refreshing native plugins compatible for Editor in 0.23 ms, found 0 plugins.
Preloading 0 native plugins for Editor in 0.00 ms.
Unloading 1154 Unused Serialized files (Serialized files now loaded: 0)
System memory in use before: 62.8 MB.
System memory in use after: 62.9 MB.

Unloading 5 unused Assets to reduce memory usage. Loaded Objects now: 1761.
Total: 1.777900 ms (FindLiveObjects: 0.148800 ms CreateObjectMapping: 0.042700 ms MarkObjects: 1.540200 ms  DeleteObjects: 0.045000 ms)

========================================================================
Received Prepare
Registering precompiled user dll's ...
Registered in 0.000485 seconds.
Begin MonoManager ReloadAssembly
Native extension for WindowsStandalone target not found
Refreshing native plugins compatible for Editor in 0.24 ms, found 0 plugins.
Preloading 0 native plugins for Editor in 0.00 ms.
Invoked RoslynAnalysisRunner static constructor.
RoslynAnalysisRunner will not be running.
RoslynAnalysisRunner has terminated.
Mono: successfully reloaded assembly
- Completed reload, in  0.605 seconds
Platform modules already initialized, skipping
Refreshing native plugins compatible for Editor in 0.24 ms, found 0 plugins.
Preloading 0 native plugins for Editor in 0.00 ms.
Unloading 1154 Unused Serialized files (Serialized files now loaded: 0)
System memory in use before: 62.8 MB.
System memory in use after: 62.9 MB.

Unloading 5 unused Assets to reduce memory usage. Loaded Objects now: 1764.
Total: 2.139200 ms (FindLiveObjects: 0.330700 ms CreateObjectMapping: 0.104100 ms MarkObjects: 1.666200 ms  DeleteObjects: 0.036400 ms)

========================================================================
Received Import Request.
  Time since last request: 402.443714 seconds.
  path: Assets/Prefabs/Bomb.prefab
  artifactKey: Guid(6c6b919efe84e2e458c396a4527d6b1d) Importer(815301076,1909f56bfc062723c751e8b465ee728b)
Start importing Assets/Prefabs/Bomb.prefab using Guid(6c6b919efe84e2e458c396a4527d6b1d) Importer(815301076,1909f56bfc062723c751e8b465ee728b)  -> (artifact id: 'e043c708d99d9eeaa7acf2f60aec564b') in 0.042307 seconds
  Import took 0.044074 seconds .

========================================================================
Received Import Request.
  Time since last request: 0.000247 seconds.
  path: Assets/Prefabs/Man.prefab
  artifactKey: Guid(b29ab795345d8694bbca95ef3aaff5e0) Importer(815301076,1909f56bfc062723c751e8b465ee728b)
Start importing Assets/Prefabs/Man.prefab using Guid(b29ab795345d8694bbca95ef3aaff5e0) Importer(815301076,1909f56bfc062723c751e8b465ee728b)  -> (artifact id: 'cb1c473ca29fa3e40390877d11d5f7af') in 0.009206 seconds
  Import took 0.010835 seconds .

========================================================================
Received Import Request.
  Time since last request: 29.964270 seconds.
  path: Assets/Prefabs/MansSpawner.prefab
  artifactKey: Guid(595c0d0e62f7c8947bee2f72712271c7) Importer(815301076,1909f56bfc062723c751e8b465ee728b)
Start importing Assets/Prefabs/MansSpawner.prefab using Guid(595c0d0e62f7c8947bee2f72712271c7) Importer(815301076,1909f56bfc062723c751e8b465ee728b)  -> (artifact id: 'a48ec22ac7ce9ab2e12df02215dff6a4') in 0.006546 seconds
  Import took 0.008276 seconds .

========================================================================
Received Import Request.
  Time since last request: 0.001041 seconds.
  path: Assets/Prefabs/MansSpawner.prefab
  artifactKey: Guid(595c0d0e62f7c8947bee2f72712271c7) Importer(815301076,1909f56bfc062723c751e8b465ee728b)
Start importing Assets/Prefabs/MansSpawner.prefab using Guid(595c0d0e62f7c8947bee2f72712271c7) Importer(815301076,1909f56bfc062723c751e8b465ee728b)  -> (artifact id: 'a48ec22ac7ce9ab2e12df02215dff6a4') in 0.003094 seconds
  Import took 0.004723 seconds .

========================================================================
Received Import Request.
  Time since last request: 1.607855 seconds.
  path: Assets/Prefabs/BombsSpawner.prefab
  artifactKey: Guid(89d2f9cf526ecda4eaca49cbdad84727) Importer(815301076,1909f56bfc062723c751e8b465ee728b)
Start importing Assets/Prefabs/BombsSpawner.prefab using Guid(89d2f9cf526ecda4eaca49cbdad84727) Importer(815301076,1909f56bfc062723c751e8b465ee728b)  -> (artifact id: 'c38494853b83fd08ac2d35ac2a6d94e3') in 0.006174 seconds
  Import took 0.008013 seconds .

========================================================================
Received Import Request.
  Time since last request: 0.041627 seconds.
  path: Assets/Prefabs/BombsSpawner.prefab
  artifactKey: Guid(89d2f9cf526ecda4eaca49cbdad84727) Importer(815301076,1909f56bfc062723c751e8b465ee728b)
Start importing Assets/Prefabs/BombsSpawner.prefab using Guid(89d2f9cf526ecda4eaca49cbdad84727) Importer(815301076,1909f56bfc062723c751e8b465ee728b)  -> (artifact id: 'c38494853b83fd08ac2d35ac2a6d94e3') in 0.003018 seconds
  Import took 0.004798 seconds .

========================================================================
Received Import Request.
  Time since last request: 1.852006 seconds.
  path: Assets/Prefabs/MansGeneration.prefab
  artifactKey: Guid(f2a8a629df9ab2e4f9fbc28fc16f5d6f) Importer(815301076,1909f56bfc062723c751e8b465ee728b)
Start importing Assets/Prefabs/MansGeneration.prefab using Guid(f2a8a629df9ab2e4f9fbc28fc16f5d6f) Importer(815301076,1909f56bfc062723c751e8b465ee728b)  -> (artifact id: 'a69138b0af51ee731d5e135ed4886fb3') in 0.005880 seconds
  Import took 0.007626 seconds .

========================================================================
Received Import Request.
  Time since last request: 0.042485 seconds.
  path: Assets/Prefabs/MansGeneration.prefab
  artifactKey: Guid(f2a8a629df9ab2e4f9fbc28fc16f5d6f) Importer(815301076,1909f56bfc062723c751e8b465ee728b)
Start importing Assets/Prefabs/MansGeneration.prefab using Guid(f2a8a629df9ab2e4f9fbc28fc16f5d6f) Importer(815301076,1909f56bfc062723c751e8b465ee728b)  -> (artifact id: 'a69138b0af51ee731d5e135ed4886fb3') in 0.002929 seconds
  Import took 0.004866 seconds .

========================================================================
Received Import Request.
  Time since last request: 1.795342 seconds.
  path: Assets/Prefabs/BombsGenerator.prefab
  artifactKey: Guid(b7d276c1fb3639740b23bd5034c72073) Importer(815301076,1909f56bfc062723c751e8b465ee728b)
Start importing Assets/Prefabs/BombsGenerator.prefab using Guid(b7d276c1fb3639740b23bd5034c72073) Importer(815301076,1909f56bfc062723c751e8b465ee728b)  -> (artifact id: 'e827824a95de73885fa4f9554992347f') in 0.005483 seconds
  Import took 0.007140 seconds .

========================================================================
Received Import Request.
  Time since last request: 0.041306 seconds.
  path: Assets/Prefabs/BombsGenerator.prefab
  artifactKey: Guid(b7d276c1fb3639740b23bd5034c72073) Importer(815301076,1909f56bfc062723c751e8b465ee728b)
Start importing Assets/Prefabs/BombsGenerator.prefab using Guid(b7d276c1fb3639740b23bd5034c72073) Importer(815301076,1909f56bfc062723c751e8b465ee728b)  -> (artifact id: 'e827824a95de73885fa4f9554992347f') in 0.002469 seconds
  Import took 0.004132 seconds .

========================================================================
Received Import Request.
  Time since last request: 53.093952 seconds.
  path: Assets/Prefabs/GameMap.prefab
  artifactKey: Guid(8f015c05e76331b4a9b1552f5df191de) Importer(815301076,1909f56bfc062723c751e8b465ee728b)
Start importing Assets/Prefabs/GameMap.prefab using Guid(8f015c05e76331b4a9b1552f5df191de) Importer(815301076,1909f56bfc062723c751e8b465ee728b)  -> (artifact id: '4277fbe54f45ab1c7ac895520b630303') in 0.017161 seconds
  Import took 0.019546 seconds .

========================================================================
Received Import Request.
  Time since last request: 0.037916 seconds.
  path: Assets/Prefabs/GameMap.prefab
  artifactKey: Guid(8f015c05e76331b4a9b1552f5df191de) Importer(815301076,1909f56bfc062723c751e8b465ee728b)
Start importing Assets/Prefabs/GameMap.prefab using Guid(8f015c05e76331b4a9b1552f5df191de) Importer(815301076,1909f56bfc062723c751e8b465ee728b)  -> (artifact id: '4277fbe54f45ab1c7ac895520b630303') in 0.014693 seconds
  Import took 0.017015 seconds .

========================================================================
Received Import Request.
  Time since last request: 1.517292 seconds.
  path: Assets/Prefabs/GameCamera.prefab
  artifactKey: Guid(bcc6dab5b4ae8ed45ae682bfcddc1f35) Importer(815301076,1909f56bfc062723c751e8b465ee728b)
Start importing Assets/Prefabs/GameCamera.prefab using Guid(bcc6dab5b4ae8ed45ae682bfcddc1f35) Importer(815301076,1909f56bfc062723c751e8b465ee728b)  -> (artifact id: 'ac7e334db31c82a65a0310467752164c') in 0.006359 seconds
  Import took 0.008063 seconds .

========================================================================
Received Import Request.
  Time since last request: 0.010322 seconds.
  path: Assets/Prefabs/GameCamera.prefab
  artifactKey: Guid(bcc6dab5b4ae8ed45ae682bfcddc1f35) Importer(815301076,1909f56bfc062723c751e8b465ee728b)
Start importing Assets/Prefabs/GameCamera.prefab using Guid(bcc6dab5b4ae8ed45ae682bfcddc1f35) Importer(815301076,1909f56bfc062723c751e8b465ee728b)  -> (artifact id: 'ac7e334db31c82a65a0310467752164c') in 0.002357 seconds
  Import took 0.004035 seconds .

